<?xml version="1.0" encoding="UTF-8"?>
<!-- Generated by org.testng.reporters.JUnitXMLReporter -->
<testsuite hostname="USBLRDDEVATE5" ignored="0" name="Command line test" tests="6" failures="0" timestamp="11 Aug 2019 11:32:58 GMT" time="21.631" errors="0">
  <testcase name="browserCommands" time="15.44" classname="selenium.test.Test1"/>
  <testcase name="commonWebElementCommands" time="0.733" classname="selenium.test.Test2"/>
  <testcase name="selectOperations" time="0.754" classname="selenium.test.Test3"/>
  <testcase name="excelOperations" time="3.063" classname="selenium.test.Test4"/>
  <testcase name="testNGAsserts" time="0.05" classname="selenium.test.Test4"/>
  <testcase name="windowSwitchOperations" time="1.561" classname="selenium.test.Test5"/>
</testsuite> <!-- Command line test -->
