<?xml version="1.0" encoding="UTF-8"?>
<!-- Generated by org.testng.reporters.JUnitXMLReporter -->
<testsuite hostname="USBLRDDEVATE5" ignored="0" name="Test" tests="6" failures="0" timestamp="11 Aug 2019 12:11:00 GMT" time="18.933" errors="0">
  <testcase name="browserCommands" time="13.111" classname="selenium.test.Test1"/>
  <testcase name="commonWebElementCommands" time="0.798" classname="selenium.test.Test2"/>
  <testcase name="selectOperations" time="0.777" classname="selenium.test.Test3"/>
  <testcase name="excelOperations" time="2.732" classname="selenium.test.Test4"/>
  <testcase name="testNGAsserts" time="0.066" classname="selenium.test.Test4"/>
  <testcase name="windowSwitchOperations" time="1.409" classname="selenium.test.Test5"/>
</testsuite> <!-- Test -->
